build/app/outputs/mapping/release/usage.txt
com.example.bulletin.R$id
com.example.bulletin.R$integer
com.example.bulletin.R
com.example.bulletin.R$dimen
com.example.bulletin.R$attr
com.example.bulletin.BuildConfig
com.example.bulletin.R$styleable
com.example.bulletin.R$string
com.example.bulletin.R$style
com.example.bulletin.R$color
com.example.bulletin.R$layout
com.example.bulletin.R$mipmap
com.example.bulletin.R$drawable
...
io.flutter.plugin.common.BinaryMessenger:
    public io.flutter.plugin.common.BinaryMessenger$TaskQueue makeBackgroundTaskQueue()
    public abstract void send(java.lang.String,java.nio.ByteBuffer)
kotlin.sequences.IndexingSequence
kotlin.collections.CharIterator
kotlin.collections.unsigned.UArraysKt___UArraysKt$withIndex$4
androidx.collection.ArrayMap:
    public void <init>(int)
    public void <init>(androidx.collection.SimpleArrayMap)
    public boolean containsAll(java.util.Collection)
    public boolean removeAll(java.util.Collection)
    public boolean retainAll(java.util.Collection)
kotlin.sequences.SequenceBuilderIterator
io.flutter.embedding.android.FlutterFragment
androidx.fragment.app.FragmentTransition$3
io.flutter.embedding.engine.plugins.PluginRegistry:
    public abstract void add(java.util.Set)
    public abstract boolean has(java.lang.Class)
    public abstract io.flutter.embedding.engine.plugins.FlutterPlugin get(java.lang.Class)
    public abstract void remove(java.lang.Class)
    public abstract void remove(java.util.Set)
    public abstract void removeAll()
androidx.savedstate.SavedStateRegistry$SavedStateProvider
kotlin.text.CharCategory$Companion
kotlin.coroutines.intrinsics.IntrinsicsKt__IntrinsicsJvmKt$createCoroutineFromSuspendFunction$1
androidx.loader.app.LoaderManager$LoaderCallbacks
androidx.core.content.IntentCompat
androidx.annotation.InspectableProperty$EnumEntry
kotlin.sequences.GeneratorSequence$iterator$1
kotlin.sequences.SequencesKt___SequencesKt$minus$4
kotlin.coroutines.experimental.EmptyCoroutineContext
androidx.fragment.app.FragmentController
kotlin.collections.AbstractMap$Companion
androidx.fragment.R$style
androidx.core.database.CursorWindowCompat
androidx.core.widget.CheckedTextViewCompat$Api16Impl
androidx.fragment.app.FragmentStatePagerAdapter
androidx.core.os.ProcessCompat$Api17Impl
androidx.annotation.InspectableProperty$FlagEntry
io.flutter.embedding.android.FlutterActivity$NewEngineIntentBuilder
kotlin.jvm.internal.unsafe.MonitorKt
kotlin.collections.AbstractMutableMap
io.flutter.embedding.android.KeyboardManager:
    private static final java.lang.String TAG
kotlin.ranges.ClosedFloatingPointRange$DefaultImpls
kotlin.collections.ArraysKt___ArraysKt$asIterable$$inlined$Iterable$7
kotlin.reflect.KClassifier
androidx.fragment.app.FragmentManagerState
androidx.core.view.accessibility.AccessibilityNodeInfoCompat$RangeInfoCompat
kotlin.coroutines.experimental.SafeContinuation$Companion
androidx.core.widget.TextViewCompat$OreoCallback
androidx.core.util.PatternsCompat
androidx.core.net.DatagramSocketWrapper
kotlin.sequences.SequencesKt__SequencesKt$ifEmpty$1
kotlin.ranges.ClosedDoubleRange
kotlin.collections.ArraysKt___ArraysJvmKt$asList$5
kotlin.sequences.USequencesKt___USequencesKt
io.flutter.plugins.urllauncher.UrlLauncherPlugin:
    public static void registerWith(io.flutter.plugin.common.PluginRegistry$Registrar)
    private static final java.lang.String TAG
androidx.core.view.inputmethod.InputConnectionCompat
kotlin.ULongArray$Iterator
androidx.core.app.NotificationCompat$Style
androidx.fragment.app.BackStackState$1
androidx.viewpager.widget.ViewPager$LayoutParams
io.flutter.embedding.android.KeyChannelResponder:
    private static final java.lang.String TAG
androidx.core.content.pm.ShortcutInfoCompatSaver
io.flutter.embedding.engine.deferredcomponents.PlayStoreDeferredComponentManager$1
kotlin.sequences.SequencesKt___SequencesKt$minus$3$iterator$1
androidx.fragment.app.FragmentTransitionCompat21
kotlin.jvm.JvmClassMappingKt
kotlin.collections.ArraysKt___ArraysKt$asSequence$$inlined$Sequence$6
androidx.core.R$layout
androidx.lifecycle.Transformations$2
androidx.lifecycle.ReflectiveGenericLifecycleObserver:
    void <init>(java.lang.Object)
androidx.core.app.ShareCompat$IntentReader
kotlin.BuilderInference
androidx.annotation.MainThread
kotlin.jdk7.AutoCloseableKt
io.flutter.app.FlutterActivity
kotlin.LazyKt__LazyKt
kotlin.HashCodeKt